{"G:\\packages\\sanitize-request\\src\\index.ts": {"path":"G:\\packages\\sanitize-request\\src\\index.ts","statementMap":{"0":{"start":{"line":1,"column":0},"end":{"line":1,"column":9}},"1":{"start":{"line":1,"column":9},"end":{"line":1,"column":62}},"2":{"start":{"line":2,"column":0},"end":{"line":2,"column":9}},"3":{"start":{"line":2,"column":9},"end":{"line":2,"column":62}}},"fnMap":{"0":{"name":"(anonymous_0)","decl":{"start":{"line":1,"column":9},"end":{"line":1,"column":24}},"loc":{"start":{"line":1,"column":9},"end":{"line":1,"column":62}}},"1":{"name":"(anonymous_1)","decl":{"start":{"line":2,"column":9},"end":{"line":2,"column":24}},"loc":{"start":{"line":2,"column":9},"end":{"line":2,"column":62}}}},"branchMap":{},"s":{"0":0,"1":0,"2":0,"3":0},"f":{"0":0,"1":0},"b":{}}
,"G:\\packages\\sanitize-request\\src\\config\\sanitizationConfigs.ts": {"path":"G:\\packages\\sanitize-request\\src\\config\\sanitizationConfigs.ts","statementMap":{"0":{"start":{"line":3,"column":13},"end":{"line":11,"column":2}},"1":{"start":{"line":13,"column":13},"end":{"line":21,"column":2}},"2":{"start":{"line":23,"column":13},"end":{"line":43,"column":2}},"3":{"start":{"line":45,"column":13},"end":{"line":63,"column":2}},"4":{"start":{"line":65,"column":13},"end":{"line":73,"column":2}},"5":{"start":{"line":75,"column":13},"end":{"line":83,"column":2}},"6":{"start":{"line":85,"column":13},"end":{"line":116,"column":2}},"7":{"start":{"line":118,"column":13},"end":{"line":126,"column":11}},"8":{"start":{"line":130,"column":25},"end":{"line":134,"column":1}},"9":{"start":{"line":131,"column":17},"end":{"line":131,"column":43}},"10":{"start":{"line":132,"column":2},"end":{"line":132,"column":71}},"11":{"start":{"line":132,"column":15},"end":{"line":132,"column":71}},"12":{"start":{"line":133,"column":2},"end":{"line":133,"column":23}},"13":{"start":{"line":130,"column":13},"end":{"line":130,"column":25}},"14":{"start":{"line":136,"column":34},"end":{"line":149,"column":1}},"15":{"start":{"line":140,"column":21},"end":{"line":140,"column":77}},"16":{"start":{"line":141,"column":2},"end":{"line":148,"column":4}},"17":{"start":{"line":136,"column":13},"end":{"line":136,"column":34}}},"fnMap":{"0":{"name":"(anonymous_0)","decl":{"start":{"line":130,"column":25},"end":{"line":130,"column":26}},"loc":{"start":{"line":130,"column":66},"end":{"line":134,"column":1}}},"1":{"name":"(anonymous_1)","decl":{"start":{"line":136,"column":34},"end":{"line":136,"column":null}},"loc":{"start":{"line":139,"column":24},"end":{"line":149,"column":1}}}},"branchMap":{"0":{"loc":{"start":{"line":132,"column":2},"end":{"line":132,"column":71}},"type":"if","locations":[{"start":{"line":132,"column":2},"end":{"line":132,"column":71}}]},"1":{"loc":{"start":{"line":140,"column":21},"end":{"line":140,"column":77}},"type":"cond-expr","locations":[{"start":{"line":140,"column":48},"end":{"line":140,"column":63}},{"start":{"line":140,"column":66},"end":{"line":140,"column":77}}]}},"s":{"0":0,"1":0,"2":0,"3":0,"4":0,"5":0,"6":0,"7":0,"8":0,"9":0,"10":0,"11":0,"12":0,"13":0,"14":0,"15":0,"16":0,"17":0},"f":{"0":0,"1":0},"b":{"0":[0],"1":[0,0]}}
,"G:\\packages\\sanitize-request\\src\\constants\\sensitiveFields.ts": {"path":"G:\\packages\\sanitize-request\\src\\constants\\sensitiveFields.ts","statementMap":{"0":{"start":{"line":1,"column":13},"end":{"line":16,"column":11}}},"fnMap":{},"branchMap":{},"s":{"0":2},"f":{},"b":{}}
,"G:\\packages\\sanitize-request\\src\\middleware\\sanitizeRequest.ts": {"path":"G:\\packages\\sanitize-request\\src\\middleware\\sanitizeRequest.ts","statementMap":{"0":{"start":{"line":2,"column":0},"end":{"line":2,"column":76}},"1":{"start":{"line":4,"column":0},"end":{"line":4,"column":70}},"2":{"start":{"line":14,"column":31},"end":{"line":53,"column":1}},"3":{"start":{"line":15,"column":2},"end":{"line":52,"column":4}},"4":{"start":{"line":16,"column":4},"end":{"line":51,"column":5}},"5":{"start":{"line":17,"column":6},"end":{"line":17,"column":82}},"6":{"start":{"line":17,"column":42},"end":{"line":17,"column":65}},"7":{"start":{"line":17,"column":68},"end":{"line":17,"column":82}},"8":{"start":{"line":19,"column":21},"end":{"line":23,"column":27}},"9":{"start":{"line":25,"column":6},"end":{"line":42,"column":7}},"10":{"start":{"line":26,"column":54},"end":{"line":26,"column":91}},"11":{"start":{"line":27,"column":8},"end":{"line":27,"column":24}},"12":{"start":{"line":29,"column":8},"end":{"line":35,"column":9}},"13":{"start":{"line":30,"column":11},"end":{"line":30,"column":108}},"14":{"start":{"line":31,"column":10},"end":{"line":33,"column":11}},"15":{"start":{"line":32,"column":12},"end":{"line":32,"column":91}},"16":{"start":{"line":34,"column":10},"end":{"line":34,"column":60}},"17":{"start":{"line":37,"column":8},"end":{"line":41,"column":9}},"18":{"start":{"line":38,"column":24},"end":{"line":38,"column":78}},"19":{"start":{"line":39,"column":10},"end":{"line":39,"column":40}},"20":{"start":{"line":40,"column":10},"end":{"line":40,"column":29}},"21":{"start":{"line":44,"column":6},"end":{"line":44,"column":13}},"22":{"start":{"line":46,"column":32},"end":{"line":48,"column":111}},"23":{"start":{"line":49,"column":6},"end":{"line":49,"column":48}},"24":{"start":{"line":50,"column":6},"end":{"line":50,"column":30}},"25":{"start":{"line":14,"column":13},"end":{"line":14,"column":31}}},"fnMap":{"0":{"name":"(anonymous_0)","decl":{"start":{"line":14,"column":31},"end":{"line":14,"column":32}},"loc":{"start":{"line":14,"column":72},"end":{"line":53,"column":1}}},"1":{"name":"(anonymous_1)","decl":{"start":{"line":15,"column":9},"end":{"line":15,"column":10}},"loc":{"start":{"line":15,"column":61},"end":{"line":52,"column":3}}},"2":{"name":"(anonymous_2)","decl":{"start":{"line":17,"column":34},"end":{"line":17,"column":38}},"loc":{"start":{"line":17,"column":42},"end":{"line":17,"column":65}}}},"branchMap":{"0":{"loc":{"start":{"line":14,"column":32},"end":{"line":14,"column":68}},"type":"default-arg","locations":[{"start":{"line":14,"column":66},"end":{"line":14,"column":68}}]},"1":{"loc":{"start":{"line":17,"column":6},"end":{"line":17,"column":82}},"type":"if","locations":[{"start":{"line":17,"column":6},"end":{"line":17,"column":82}}]},"2":{"loc":{"start":{"line":19,"column":21},"end":{"line":23,"column":27}},"type":"cond-expr","locations":[{"start":{"line":20,"column":10},"end":{"line":22,"column":26}},{"start":{"line":23,"column":10},"end":{"line":23,"column":27}}]},"3":{"loc":{"start":{"line":20,"column":10},"end":{"line":22,"column":26}},"type":"cond-expr","locations":[{"start":{"line":21,"column":12},"end":{"line":21,"column":37}},{"start":{"line":22,"column":12},"end":{"line":22,"column":26}}]},"4":{"loc":{"start":{"line":25,"column":6},"end":{"line":42,"column":7}},"type":"if","locations":[{"start":{"line":25,"column":6},"end":{"line":42,"column":7}}]},"5":{"loc":{"start":{"line":25,"column":10},"end":{"line":25,"column":50}},"type":"binary-expr","locations":[{"start":{"line":25,"column":10},"end":{"line":25,"column":18}},{"start":{"line":25,"column":22},"end":{"line":25,"column":50}}]},"6":{"loc":{"start":{"line":29,"column":8},"end":{"line":35,"column":9}},"type":"if","locations":[{"start":{"line":29,"column":8},"end":{"line":35,"column":9}}]},"7":{"loc":{"start":{"line":29,"column":12},"end":{"line":29,"column":44}},"type":"binary-expr","locations":[{"start":{"line":29,"column":12},"end":{"line":29,"column":21}},{"start":{"line":29,"column":25},"end":{"line":29,"column":44}}]},"8":{"loc":{"start":{"line":31,"column":10},"end":{"line":33,"column":11}},"type":"if","locations":[{"start":{"line":31,"column":10},"end":{"line":33,"column":11}}]},"9":{"loc":{"start":{"line":31,"column":14},"end":{"line":31,"column":56}},"type":"binary-expr","locations":[{"start":{"line":31,"column":14},"end":{"line":31,"column":33}},{"start":{"line":31,"column":37},"end":{"line":31,"column":56}}]},"10":{"loc":{"start":{"line":37,"column":8},"end":{"line":41,"column":9}},"type":"if","locations":[{"start":{"line":37,"column":8},"end":{"line":41,"column":9}}]},"11":{"loc":{"start":{"line":46,"column":32},"end":{"line":48,"column":111}},"type":"cond-expr","locations":[{"start":{"line":47,"column":10},"end":{"line":47,"column":15}},{"start":{"line":48,"column":10},"end":{"line":48,"column":111}}]},"12":{"loc":{"start":{"line":48,"column":52},"end":{"line":48,"column":108}},"type":"cond-expr","locations":[{"start":{"line":48,"column":77},"end":{"line":48,"column":90}},{"start":{"line":48,"column":93},"end":{"line":48,"column":108}}]}},"s":{"0":1,"1":1,"2":1,"3":6,"4":6,"5":6,"6":1,"7":0,"8":6,"9":6,"10":5,"11":4,"12":4,"13":3,"14":3,"15":1,"16":3,"17":4,"18":1,"19":1,"20":1,"21":4,"22":1,"23":1,"24":1,"25":1},"f":{"0":6,"1":6,"2":1},"b":{"0":[2],"1":[0],"2":[0,6],"3":[0,0],"4":[5],"5":[6,5],"6":[3],"7":[4,2],"8":[1],"9":[3,1],"10":[1],"11":[0,1],"12":[1,0]}}
,"G:\\packages\\sanitize-request\\src\\middleware\\sanitizeStrings.ts": {"path":"G:\\packages\\sanitize-request\\src\\middleware\\sanitizeStrings.ts","statementMap":{"0":{"start":{"line":2,"column":0},"end":{"line":2,"column":64}},"1":{"start":{"line":10,"column":31},"end":{"line":32,"column":1}},"2":{"start":{"line":11,"column":2},"end":{"line":31,"column":4}},"3":{"start":{"line":12,"column":4},"end":{"line":30,"column":5}},"4":{"start":{"line":13,"column":6},"end":{"line":13,"column":35}},"5":{"start":{"line":13,"column":21},"end":{"line":13,"column":35}},"6":{"start":{"line":15,"column":30},"end":{"line":15,"column":93}},"7":{"start":{"line":16,"column":31},"end":{"line":16,"column":86}},"8":{"start":{"line":16,"column":50},"end":{"line":16,"column":86}},"9":{"start":{"line":17,"column":24},"end":{"line":17,"column":67}},"10":{"start":{"line":19,"column":6},"end":{"line":24,"column":7}},"11":{"start":{"line":20,"column":8},"end":{"line":23,"column":9}},"12":{"start":{"line":21,"column":10},"end":{"line":21,"column":66}},"13":{"start":{"line":21,"column":57},"end":{"line":21,"column":66}},"14":{"start":{"line":22,"column":10},"end":{"line":22,"column":43}},"15":{"start":{"line":26,"column":6},"end":{"line":26,"column":13}},"16":{"start":{"line":28,"column":6},"end":{"line":28,"column":62}},"17":{"start":{"line":29,"column":6},"end":{"line":29,"column":18}},"18":{"start":{"line":10,"column":13},"end":{"line":10,"column":31}}},"fnMap":{"0":{"name":"(anonymous_0)","decl":{"start":{"line":10,"column":31},"end":{"line":10,"column":32}},"loc":{"start":{"line":10,"column":72},"end":{"line":32,"column":1}}},"1":{"name":"(anonymous_1)","decl":{"start":{"line":11,"column":9},"end":{"line":11,"column":10}},"loc":{"start":{"line":11,"column":61},"end":{"line":31,"column":3}}},"2":{"name":"(anonymous_2)","decl":{"start":{"line":16,"column":31},"end":{"line":16,"column":32}},"loc":{"start":{"line":16,"column":50},"end":{"line":16,"column":86}}}},"branchMap":{"0":{"loc":{"start":{"line":10,"column":32},"end":{"line":10,"column":68}},"type":"default-arg","locations":[{"start":{"line":10,"column":66},"end":{"line":10,"column":68}}]},"1":{"loc":{"start":{"line":13,"column":6},"end":{"line":13,"column":35}},"type":"if","locations":[{"start":{"line":13,"column":6},"end":{"line":13,"column":35}}]},"2":{"loc":{"start":{"line":15,"column":56},"end":{"line":15,"column":91}},"type":"binary-expr","locations":[{"start":{"line":15,"column":56},"end":{"line":15,"column":85}},{"start":{"line":15,"column":89},"end":{"line":15,"column":91}}]},"3":{"loc":{"start":{"line":17,"column":24},"end":{"line":17,"column":67}},"type":"binary-expr","locations":[{"start":{"line":17,"column":24},"end":{"line":17,"column":47}},{"start":{"line":17,"column":51},"end":{"line":17,"column":67}}]},"4":{"loc":{"start":{"line":20,"column":8},"end":{"line":23,"column":9}},"type":"if","locations":[{"start":{"line":20,"column":8},"end":{"line":23,"column":9}}]},"5":{"loc":{"start":{"line":20,"column":12},"end":{"line":20,"column":71}},"type":"binary-expr","locations":[{"start":{"line":20,"column":12},"end":{"line":20,"column":37}},{"start":{"line":20,"column":41},"end":{"line":20,"column":71}}]},"6":{"loc":{"start":{"line":21,"column":10},"end":{"line":21,"column":66}},"type":"if","locations":[{"start":{"line":21,"column":10},"end":{"line":21,"column":66}}]},"7":{"loc":{"start":{"line":21,"column":14},"end":{"line":21,"column":55}},"type":"binary-expr","locations":[{"start":{"line":21,"column":14},"end":{"line":21,"column":38}},{"start":{"line":21,"column":42},"end":{"line":21,"column":55}}]}},"s":{"0":1,"1":1,"2":9,"3":9,"4":9,"5":1,"6":8,"7":8,"8":5,"9":8,"10":8,"11":16,"12":9,"13":2,"14":7,"15":7,"16":1,"17":1,"18":1},"f":{"0":9,"1":9,"2":5},"b":{"0":[0],"1":[1],"2":[8,7],"3":[8,6],"4":[9],"5":[16,11],"6":[2],"7":[9,3]}}
,"G:\\packages\\sanitize-request\\src\\utils\\sanitizer.ts": {"path":"G:\\packages\\sanitize-request\\src\\utils\\sanitizer.ts","statementMap":{"0":{"start":{"line":1,"column":0},"end":{"line":1,"column":45}},"1":{"start":{"line":8,"column":0},"end":{"line":8,"column":64}},"2":{"start":{"line":12,"column":4},"end":{"line":12,"column":19}},"3":{"start":{"line":11,"column":38},"end":{"line":11,"column":52}},"4":{"start":{"line":13,"column":4},"end":{"line":13,"column":36}},"5":{"start":{"line":10,"column":0},"end":{"line":10,"column":13}},"6":{"start":{"line":17,"column":15},"end":{"line":22,"column":2}},"7":{"start":{"line":18,"column":29},"end":{"line":18,"column":92}},"8":{"start":{"line":19,"column":29},"end":{"line":19,"column":51}},"9":{"start":{"line":20,"column":28},"end":{"line":20,"column":49}},"10":{"start":{"line":21,"column":28},"end":{"line":21,"column":49}},"11":{"start":{"line":29,"column":4},"end":{"line":37,"column":6}},"12":{"start":{"line":39,"column":4},"end":{"line":44,"column":6}},"13":{"start":{"line":48,"column":4},"end":{"line":84,"column":5}},"14":{"start":{"line":49,"column":29},"end":{"line":49,"column":41}},"15":{"start":{"line":52,"column":6},"end":{"line":58,"column":7}},"16":{"start":{"line":53,"column":8},"end":{"line":55,"column":10}},"17":{"start":{"line":56,"column":8},"end":{"line":56,"column":64}},"18":{"start":{"line":57,"column":8},"end":{"line":57,"column":39}},"19":{"start":{"line":61,"column":32},"end":{"line":66,"column":8}},"20":{"start":{"line":68,"column":24},"end":{"line":68,"column":84}},"21":{"start":{"line":70,"column":6},"end":{"line":75,"column":7}},"22":{"start":{"line":71,"column":8},"end":{"line":71,"column":39}},"23":{"start":{"line":72,"column":8},"end":{"line":74,"column":9}},"24":{"start":{"line":73,"column":10},"end":{"line":73,"column":55}},"25":{"start":{"line":77,"column":6},"end":{"line":77,"column":23}},"26":{"start":{"line":79,"column":22},"end":{"line":79,"column":147}},"27":{"start":{"line":80,"column":6},"end":{"line":80,"column":56}},"28":{"start":{"line":81,"column":6},"end":{"line":81,"column":41}},"29":{"start":{"line":82,"column":6},"end":{"line":82,"column":28}},"30":{"start":{"line":83,"column":6},"end":{"line":83,"column":54}},"31":{"start":{"line":88,"column":4},"end":{"line":90,"column":5}},"32":{"start":{"line":89,"column":6},"end":{"line":89,"column":19}},"33":{"start":{"line":93,"column":4},"end":{"line":96,"column":5}},"34":{"start":{"line":94,"column":6},"end":{"line":94,"column":78}},"35":{"start":{"line":95,"column":6},"end":{"line":95,"column":19}},"36":{"start":{"line":98,"column":4},"end":{"line":100,"column":5}},"37":{"start":{"line":99,"column":6},"end":{"line":99,"column":51}},"38":{"start":{"line":102,"column":4},"end":{"line":106,"column":5}},"39":{"start":{"line":103,"column":6},"end":{"line":105,"column":8}},"40":{"start":{"line":104,"column":8},"end":{"line":104,"column":85}},"41":{"start":{"line":108,"column":4},"end":{"line":115,"column":5}},"42":{"start":{"line":109,"column":32},"end":{"line":109,"column":34}},"43":{"start":{"line":110,"column":6},"end":{"line":113,"column":7}},"44":{"start":{"line":111,"column":30},"end":{"line":111,"column":69}},"45":{"start":{"line":112,"column":8},"end":{"line":112,"column":67}},"46":{"start":{"line":114,"column":6},"end":{"line":114,"column":26}},"47":{"start":{"line":117,"column":4},"end":{"line":117,"column":17}},"48":{"start":{"line":121,"column":4},"end":{"line":127,"column":6}},"49":{"start":{"line":129,"column":4},"end":{"line":147,"column":5}},"50":{"start":{"line":130,"column":28},"end":{"line":130,"column":58}},"51":{"start":{"line":131,"column":6},"end":{"line":131,"column":69}},"52":{"start":{"line":133,"column":6},"end":{"line":138,"column":8}},"53":{"start":{"line":140,"column":6},"end":{"line":142,"column":7}},"54":{"start":{"line":141,"column":8},"end":{"line":141,"column":20}},"55":{"start":{"line":144,"column":22},"end":{"line":144,"column":104}},"56":{"start":{"line":145,"column":6},"end":{"line":145,"column":28}},"57":{"start":{"line":146,"column":6},"end":{"line":146,"column":43}},"58":{"start":{"line":151,"column":4},"end":{"line":151,"column":32}},"59":{"start":{"line":155,"column":35},"end":{"line":161,"column":1}},"60":{"start":{"line":159,"column":20},"end":{"line":159,"column":41}},"61":{"start":{"line":160,"column":2},"end":{"line":160,"column":34}},"62":{"start":{"line":155,"column":13},"end":{"line":155,"column":35}},"63":{"start":{"line":163,"column":30},"end":{"line":169,"column":1}},"64":{"start":{"line":167,"column":20},"end":{"line":167,"column":41}},"65":{"start":{"line":168,"column":2},"end":{"line":168,"column":35}},"66":{"start":{"line":163,"column":13},"end":{"line":163,"column":30}}},"fnMap":{"0":{"name":"(anonymous_1)","decl":{"start":{"line":11,"column":2},"end":{"line":11,"column":14}},"loc":{"start":{"line":11,"column":52},"end":{"line":14,"column":3}}},"1":{"name":"(anonymous_2)","decl":{"start":{"line":18,"column":9},"end":{"line":18,"column":10}},"loc":{"start":{"line":18,"column":29},"end":{"line":18,"column":92}}},"2":{"name":"(anonymous_3)","decl":{"start":{"line":19,"column":9},"end":{"line":19,"column":10}},"loc":{"start":{"line":19,"column":29},"end":{"line":19,"column":51}}},"3":{"name":"(anonymous_4)","decl":{"start":{"line":20,"column":8},"end":{"line":20,"column":9}},"loc":{"start":{"line":20,"column":28},"end":{"line":20,"column":49}}},"4":{"name":"(anonymous_5)","decl":{"start":{"line":21,"column":8},"end":{"line":21,"column":9}},"loc":{"start":{"line":21,"column":28},"end":{"line":21,"column":49}}},"5":{"name":"(anonymous_6)","decl":{"start":{"line":28,"column":2},"end":{"line":28,"column":14}},"loc":{"start":{"line":28,"column":40},"end":{"line":45,"column":3}}},"6":{"name":"(anonymous_7)","decl":{"start":{"line":47,"column":10},"end":{"line":47,"column":24}},"loc":{"start":{"line":47,"column":58},"end":{"line":85,"column":3}}},"7":{"name":"(anonymous_8)","decl":{"start":{"line":87,"column":10},"end":{"line":87,"column":23}},"loc":{"start":{"line":87,"column":54},"end":{"line":118,"column":3}}},"8":{"name":"(anonymous_9)","decl":{"start":{"line":103,"column":23},"end":{"line":103,"column":24}},"loc":{"start":{"line":104,"column":8},"end":{"line":104,"column":85}}},"9":{"name":"(anonymous_10)","decl":{"start":{"line":120,"column":9},"end":{"line":120,"column":17}},"loc":{"start":{"line":120,"column":54},"end":{"line":148,"column":3}}},"10":{"name":"(anonymous_11)","decl":{"start":{"line":150,"column":9},"end":{"line":150,"column":20}},"loc":{"start":{"line":150,"column":20},"end":{"line":152,"column":3}}},"11":{"name":"(anonymous_12)","decl":{"start":{"line":155,"column":35},"end":{"line":155,"column":null}},"loc":{"start":{"line":158,"column":27},"end":{"line":161,"column":1}}},"12":{"name":"(anonymous_13)","decl":{"start":{"line":163,"column":30},"end":{"line":163,"column":null}},"loc":{"start":{"line":166,"column":32},"end":{"line":169,"column":1}}}},"branchMap":{"0":{"loc":{"start":{"line":18,"column":29},"end":{"line":18,"column":92}},"type":"binary-expr","locations":[{"start":{"line":18,"column":29},"end":{"line":18,"column":66}},{"start":{"line":18,"column":70},"end":{"line":18,"column":92}}]},"1":{"loc":{"start":{"line":30,"column":19},"end":{"line":30,"column":43}},"type":"binary-expr","locations":[{"start":{"line":30,"column":19},"end":{"line":30,"column":37}},{"start":{"line":30,"column":41},"end":{"line":30,"column":43}}]},"2":{"loc":{"start":{"line":31,"column":25},"end":{"line":31,"column":55}},"type":"binary-expr","locations":[{"start":{"line":31,"column":25},"end":{"line":31,"column":49}},{"start":{"line":31,"column":53},"end":{"line":31,"column":55}}]},"3":{"loc":{"start":{"line":32,"column":22},"end":{"line":32,"column":51}},"type":"binary-expr","locations":[{"start":{"line":32,"column":22},"end":{"line":32,"column":43}},{"start":{"line":32,"column":47},"end":{"line":32,"column":51}}]},"4":{"loc":{"start":{"line":33,"column":26},"end":{"line":33,"column":60}},"type":"binary-expr","locations":[{"start":{"line":33,"column":26},"end":{"line":33,"column":51}},{"start":{"line":33,"column":55},"end":{"line":33,"column":60}}]},"5":{"loc":{"start":{"line":34,"column":22},"end":{"line":34,"column":52}},"type":"binary-expr","locations":[{"start":{"line":34,"column":22},"end":{"line":34,"column":43}},{"start":{"line":34,"column":47},"end":{"line":34,"column":52}}]},"6":{"loc":{"start":{"line":35,"column":19},"end":{"line":35,"column":43}},"type":"binary-expr","locations":[{"start":{"line":35,"column":19},"end":{"line":35,"column":37}},{"start":{"line":35,"column":41},"end":{"line":35,"column":43}}]},"7":{"loc":{"start":{"line":36,"column":23},"end":{"line":36,"column":54}},"type":"binary-expr","locations":[{"start":{"line":36,"column":23},"end":{"line":36,"column":45}},{"start":{"line":36,"column":49},"end":{"line":36,"column":54}}]},"8":{"loc":{"start":{"line":52,"column":6},"end":{"line":58,"column":7}},"type":"if","locations":[{"start":{"line":52,"column":6},"end":{"line":58,"column":7}}]},"9":{"loc":{"start":{"line":54,"column":30},"end":{"line":54,"column":52}},"type":"binary-expr","locations":[{"start":{"line":54,"column":30},"end":{"line":54,"column":39}},{"start":{"line":54,"column":43},"end":{"line":54,"column":52}}]},"10":{"loc":{"start":{"line":70,"column":6},"end":{"line":75,"column":7}},"type":"if","locations":[{"start":{"line":70,"column":6},"end":{"line":75,"column":7}}]},"11":{"loc":{"start":{"line":72,"column":8},"end":{"line":74,"column":9}},"type":"if","locations":[{"start":{"line":72,"column":8},"end":{"line":74,"column":9}}]},"12":{"loc":{"start":{"line":79,"column":61},"end":{"line":79,"column":83}},"type":"binary-expr","locations":[{"start":{"line":79,"column":61},"end":{"line":79,"column":70}},{"start":{"line":79,"column":74},"end":{"line":79,"column":83}}]},"13":{"loc":{"start":{"line":79,"column":89},"end":{"line":79,"column":145}},"type":"cond-expr","locations":[{"start":{"line":79,"column":114},"end":{"line":79,"column":127}},{"start":{"line":79,"column":130},"end":{"line":79,"column":145}}]},"14":{"loc":{"start":{"line":80,"column":29},"end":{"line":80,"column":55}},"type":"binary-expr","locations":[{"start":{"line":80,"column":29},"end":{"line":80,"column":49}},{"start":{"line":80,"column":53},"end":{"line":80,"column":55}}]},"15":{"loc":{"start":{"line":88,"column":4},"end":{"line":90,"column":5}},"type":"if","locations":[{"start":{"line":88,"column":4},"end":{"line":90,"column":5}}]},"16":{"loc":{"start":{"line":88,"column":8},"end":{"line":88,"column":45}},"type":"binary-expr","locations":[{"start":{"line":88,"column":8},"end":{"line":88,"column":22}},{"start":{"line":88,"column":26},"end":{"line":88,"column":45}}]},"17":{"loc":{"start":{"line":93,"column":4},"end":{"line":96,"column":5}},"type":"if","locations":[{"start":{"line":93,"column":4},"end":{"line":96,"column":5}}]},"18":{"loc":{"start":{"line":93,"column":8},"end":{"line":93,"column":64}},"type":"binary-expr","locations":[{"start":{"line":93,"column":8},"end":{"line":93,"column":17}},{"start":{"line":93,"column":21},"end":{"line":93,"column":64}}]},"19":{"loc":{"start":{"line":98,"column":4},"end":{"line":100,"column":5}},"type":"if","locations":[{"start":{"line":98,"column":4},"end":{"line":100,"column":5}}]},"20":{"loc":{"start":{"line":102,"column":4},"end":{"line":106,"column":5}},"type":"if","locations":[{"start":{"line":102,"column":4},"end":{"line":106,"column":5}}]},"21":{"loc":{"start":{"line":104,"column":33},"end":{"line":104,"column":84}},"type":"cond-expr","locations":[{"start":{"line":104,"column":45},"end":{"line":104,"column":69}},{"start":{"line":104,"column":72},"end":{"line":104,"column":84}}]},"22":{"loc":{"start":{"line":108,"column":4},"end":{"line":115,"column":5}},"type":"if","locations":[{"start":{"line":108,"column":4},"end":{"line":115,"column":5}}]},"23":{"loc":{"start":{"line":108,"column":8},"end":{"line":108,"column":42}},"type":"binary-expr","locations":[{"start":{"line":108,"column":8},"end":{"line":108,"column":13}},{"start":{"line":108,"column":17},"end":{"line":108,"column":42}}]},"24":{"loc":{"start":{"line":111,"column":30},"end":{"line":111,"column":69}},"type":"cond-expr","locations":[{"start":{"line":111,"column":42},"end":{"line":111,"column":63}},{"start":{"line":111,"column":66},"end":{"line":111,"column":69}}]},"25":{"loc":{"start":{"line":137,"column":16},"end":{"line":137,"column":79}},"type":"cond-expr","locations":[{"start":{"line":137,"column":47},"end":{"line":137,"column":67}},{"start":{"line":137,"column":70},"end":{"line":137,"column":79}}]},"26":{"loc":{"start":{"line":140,"column":6},"end":{"line":142,"column":7}},"type":"if","locations":[{"start":{"line":140,"column":6},"end":{"line":142,"column":7}}]},"27":{"loc":{"start":{"line":144,"column":46},"end":{"line":144,"column":102}},"type":"cond-expr","locations":[{"start":{"line":144,"column":71},"end":{"line":144,"column":84}},{"start":{"line":144,"column":87},"end":{"line":144,"column":102}}]}},"s":{"0":1,"1":1,"2":2,"3":2,"4":2,"5":1,"6":1,"7":1,"8":2,"9":0,"10":0,"11":10,"12":10,"13":11,"14":11,"15":11,"16":9,"17":9,"18":9,"19":11,"20":11,"21":9,"22":6,"23":6,"24":4,"25":9,"26":2,"27":2,"28":2,"29":2,"30":2,"31":24,"32":2,"33":22,"34":1,"35":1,"36":21,"37":11,"38":10,"39":1,"40":2,"41":9,"42":7,"43":7,"44":12,"45":12,"46":6,"47":2,"48":10,"49":10,"50":10,"51":8,"52":8,"53":2,"54":2,"55":0,"56":0,"57":0,"58":0,"59":1,"60":6,"61":6,"62":1,"63":1,"64":4,"65":4,"66":1},"f":{"0":2,"1":1,"2":2,"3":0,"4":0,"5":10,"6":11,"7":24,"8":2,"9":10,"10":0,"11":6,"12":4},"b":{"0":[1,1],"1":[10,0],"2":[10,0],"3":[10,0],"4":[10,0],"5":[10,0],"6":[10,0],"7":[10,0],"8":[9],"9":[9,4],"10":[6],"11":[4],"12":[2,1],"13":[2,0],"14":[2,0],"15":[2],"16":[24,23],"17":[1],"18":[22,12],"19":[11],"20":[1],"21":[2,0],"22":[7],"23":[9,9],"24":[2,10],"25":[0,8],"26":[2],"27":[0,0]}}
}
