TN:
SF:src\index.ts
FN:1,(anonymous_0)
FN:2,(anonymous_1)
FNF:2
FNH:0
FNDA:0,(anonymous_0)
FNDA:0,(anonymous_1)
DA:1,0
DA:2,0
LF:2
LH:0
BRF:0
BRH:0
end_of_record
TN:
SF:src\config\sanitizationConfigs.ts
FN:130,(anonymous_0)
FN:136,(anonymous_1)
FNF:2
FNH:0
FNDA:0,(anonymous_0)
FNDA:0,(anonymous_1)
DA:3,0
DA:13,0
DA:23,0
DA:45,0
DA:65,0
DA:75,0
DA:85,0
DA:118,0
DA:130,0
DA:131,0
DA:132,0
DA:133,0
DA:136,0
DA:140,0
DA:141,0
LF:15
LH:0
BRDA:132,0,0,0
BRDA:140,1,0,0
BRDA:140,1,1,0
BRF:3
BRH:0
end_of_record
TN:
SF:src\constants\sensitiveFields.ts
FNF:0
FNH:0
DA:1,2
LF:1
LH:1
BRF:0
BRH:0
end_of_record
TN:
SF:src\middleware\sanitizeRequest.ts
FN:14,(anonymous_0)
FN:15,(anonymous_1)
FN:17,(anonymous_2)
FNF:3
FNH:3
FNDA:6,(anonymous_0)
FNDA:6,(anonymous_1)
FNDA:1,(anonymous_2)
DA:2,1
DA:4,1
DA:14,1
DA:15,6
DA:16,6
DA:17,6
DA:19,6
DA:25,6
DA:26,5
DA:27,4
DA:29,4
DA:30,3
DA:31,3
DA:32,1
DA:34,3
DA:37,4
DA:38,1
DA:39,1
DA:40,1
DA:44,4
DA:46,1
DA:49,1
DA:50,1
LF:23
LH:23
BRDA:14,0,0,2
BRDA:17,1,0,0
BRDA:19,2,0,0
BRDA:19,2,1,6
BRDA:20,3,0,0
BRDA:20,3,1,0
BRDA:25,4,0,5
BRDA:25,5,0,6
BRDA:25,5,1,5
BRDA:29,6,0,3
BRDA:29,7,0,4
BRDA:29,7,1,2
BRDA:31,8,0,1
BRDA:31,9,0,3
BRDA:31,9,1,1
BRDA:37,10,0,1
BRDA:46,11,0,0
BRDA:46,11,1,1
BRDA:48,12,0,1
BRDA:48,12,1,0
BRF:20
BRH:14
end_of_record
TN:
SF:src\middleware\sanitizeStrings.ts
FN:10,(anonymous_0)
FN:11,(anonymous_1)
FN:16,(anonymous_2)
FNF:3
FNH:3
FNDA:9,(anonymous_0)
FNDA:9,(anonymous_1)
FNDA:5,(anonymous_2)
DA:2,1
DA:10,1
DA:11,9
DA:12,9
DA:13,9
DA:15,8
DA:16,8
DA:17,8
DA:19,8
DA:20,16
DA:21,9
DA:22,7
DA:26,7
DA:28,1
DA:29,1
LF:15
LH:15
BRDA:10,0,0,0
BRDA:13,1,0,1
BRDA:15,2,0,8
BRDA:15,2,1,7
BRDA:17,3,0,8
BRDA:17,3,1,6
BRDA:20,4,0,9
BRDA:20,5,0,16
BRDA:20,5,1,11
BRDA:21,6,0,2
BRDA:21,7,0,9
BRDA:21,7,1,3
BRF:12
BRH:11
end_of_record
TN:
SF:src\utils\sanitizer.ts
FN:11,(anonymous_1)
FN:18,(anonymous_2)
FN:19,(anonymous_3)
FN:20,(anonymous_4)
FN:21,(anonymous_5)
FN:28,(anonymous_6)
FN:47,(anonymous_7)
FN:87,(anonymous_8)
FN:103,(anonymous_9)
FN:120,(anonymous_10)
FN:150,(anonymous_11)
FN:155,(anonymous_12)
FN:163,(anonymous_13)
FNF:13
FNH:10
FNDA:2,(anonymous_1)
FNDA:1,(anonymous_2)
FNDA:2,(anonymous_3)
FNDA:0,(anonymous_4)
FNDA:0,(anonymous_5)
FNDA:10,(anonymous_6)
FNDA:11,(anonymous_7)
FNDA:24,(anonymous_8)
FNDA:2,(anonymous_9)
FNDA:10,(anonymous_10)
FNDA:0,(anonymous_11)
FNDA:6,(anonymous_12)
FNDA:4,(anonymous_13)
DA:1,1
DA:8,1
DA:10,1
DA:11,2
DA:12,2
DA:13,2
DA:17,1
DA:18,1
DA:19,2
DA:20,0
DA:21,0
DA:29,10
DA:39,10
DA:48,11
DA:49,11
DA:52,11
DA:53,9
DA:56,9
DA:57,9
DA:61,11
DA:68,11
DA:70,9
DA:71,6
DA:72,6
DA:73,4
DA:77,9
DA:79,2
DA:80,2
DA:81,2
DA:82,2
DA:83,2
DA:88,24
DA:89,2
DA:93,22
DA:94,1
DA:95,1
DA:98,21
DA:99,11
DA:102,10
DA:103,1
DA:104,2
DA:108,9
DA:109,7
DA:110,7
DA:111,12
DA:112,12
DA:114,6
DA:117,2
DA:121,10
DA:129,10
DA:130,10
DA:131,8
DA:133,8
DA:140,2
DA:141,2
DA:144,0
DA:145,0
DA:146,0
DA:151,0
DA:155,1
DA:159,6
DA:160,6
DA:163,1
DA:167,4
DA:168,4
LF:65
LH:59
BRDA:18,0,0,1
BRDA:18,0,1,1
BRDA:30,1,0,10
BRDA:30,1,1,0
BRDA:31,2,0,10
BRDA:31,2,1,0
BRDA:32,3,0,10
BRDA:32,3,1,0
BRDA:33,4,0,10
BRDA:33,4,1,0
BRDA:34,5,0,10
BRDA:34,5,1,0
BRDA:35,6,0,10
BRDA:35,6,1,0
BRDA:36,7,0,10
BRDA:36,7,1,0
BRDA:52,8,0,9
BRDA:54,9,0,9
BRDA:54,9,1,4
BRDA:70,10,0,6
BRDA:72,11,0,4
BRDA:79,12,0,2
BRDA:79,12,1,1
BRDA:79,13,0,2
BRDA:79,13,1,0
BRDA:80,14,0,2
BRDA:80,14,1,0
BRDA:88,15,0,2
BRDA:88,16,0,24
BRDA:88,16,1,23
BRDA:93,17,0,1
BRDA:93,18,0,22
BRDA:93,18,1,12
BRDA:98,19,0,11
BRDA:102,20,0,1
BRDA:104,21,0,2
BRDA:104,21,1,0
BRDA:108,22,0,7
BRDA:108,23,0,9
BRDA:108,23,1,9
BRDA:111,24,0,2
BRDA:111,24,1,10
BRDA:137,25,0,0
BRDA:137,25,1,8
BRDA:140,26,0,2
BRDA:144,27,0,0
BRDA:144,27,1,0
BRF:47
BRH:34
end_of_record
